2024-02-24 16:40:58,869 [Worker-4: Loading available Gradle versions] INFO  o.e.b.c.i.u.g.PublishedGradleVersions - Gradle version information cache is up-to-date. Trying to read.
2024-02-24 16:42:40,441 [Worker-6: Запуск mavenrun-a192d7b6-fcb8-4c0f-8ddb-46da8dd2e8ac] INFO  o.eclipse.m2e.core.internal.Bundles - getClasspathEntries(Bundle=org.eclipse.m2e.maven.runtime_3.9.600.20231203-1234 [877])
2024-02-24 16:42:40,452 [Worker-6: Запуск mavenrun-a192d7b6-fcb8-4c0f-8ddb-46da8dd2e8ac] INFO  o.eclipse.m2e.core.internal.Bundles - 	Entry: C:\Users\Armen\.p2\pool\plugins\org.eclipse.m2e.maven.runtime_3.9.600.20231203-1234
2024-02-24 16:42:40,454 [Worker-6: Запуск mavenrun-a192d7b6-fcb8-4c0f-8ddb-46da8dd2e8ac] INFO  o.eclipse.m2e.core.internal.Bundles - 	Entry: C:\Users\Armen\.p2\pool\plugins\org.eclipse.m2e.maven.runtime_3.9.600.20231203-1234\jars\aopalliance-1.0.jar
2024-02-24 16:42:40,456 [Worker-6: Запуск mavenrun-a192d7b6-fcb8-4c0f-8ddb-46da8dd2e8ac] INFO  o.eclipse.m2e.core.internal.Bundles - 	Entry: C:\Users\Armen\.p2\pool\plugins\org.eclipse.m2e.maven.runtime_3.9.600.20231203-1234\jars\guice-5.1.0.jar
2024-02-24 16:42:40,457 [Worker-6: Запуск mavenrun-a192d7b6-fcb8-4c0f-8ddb-46da8dd2e8ac] INFO  o.eclipse.m2e.core.internal.Bundles - 	Entry: C:\Users\Armen\.p2\pool\plugins\org.eclipse.m2e.maven.runtime_3.9.600.20231203-1234\jars\httpclient-4.5.14.jar
2024-02-24 16:42:40,458 [Worker-6: Запуск mavenrun-a192d7b6-fcb8-4c0f-8ddb-46da8dd2e8ac] INFO  o.eclipse.m2e.core.internal.Bundles - 	Entry: C:\Users\Armen\.p2\pool\plugins\org.eclipse.m2e.maven.runtime_3.9.600.20231203-1234\jars\httpcore-4.4.16.jar
2024-02-24 16:42:40,460 [Worker-6: Запуск mavenrun-a192d7b6-fcb8-4c0f-8ddb-46da8dd2e8ac] INFO  o.eclipse.m2e.core.internal.Bundles - 	Entry: C:\Users\Armen\.p2\pool\plugins\org.eclipse.m2e.maven.runtime_3.9.600.20231203-1234\jars\jansi-2.4.0.jar
2024-02-24 16:42:40,461 [Worker-6: Запуск mavenrun-a192d7b6-fcb8-4c0f-8ddb-46da8dd2e8ac] INFO  o.eclipse.m2e.core.internal.Bundles - 	Entry: C:\Users\Armen\.p2\pool\plugins\org.eclipse.m2e.maven.runtime_3.9.600.20231203-1234\jars\jcl-over-slf4j-1.7.36.jar
2024-02-24 16:42:40,462 [Worker-6: Запуск mavenrun-a192d7b6-fcb8-4c0f-8ddb-46da8dd2e8ac] INFO  o.eclipse.m2e.core.internal.Bundles - 	Entry: C:\Users\Armen\.p2\pool\plugins\org.eclipse.m2e.maven.runtime_3.9.600.20231203-1234\jars\maven-artifact-3.9.6.jar
2024-02-24 16:42:40,463 [Worker-6: Запуск mavenrun-a192d7b6-fcb8-4c0f-8ddb-46da8dd2e8ac] INFO  o.eclipse.m2e.core.internal.Bundles - 	Entry: C:\Users\Armen\.p2\pool\plugins\org.eclipse.m2e.maven.runtime_3.9.600.20231203-1234\jars\maven-builder-support-3.9.6.jar
2024-02-24 16:42:40,464 [Worker-6: Запуск mavenrun-a192d7b6-fcb8-4c0f-8ddb-46da8dd2e8ac] INFO  o.eclipse.m2e.core.internal.Bundles - 	Entry: C:\Users\Armen\.p2\pool\plugins\org.eclipse.m2e.maven.runtime_3.9.600.20231203-1234\jars\maven-compat-3.9.6.jar
2024-02-24 16:42:40,466 [Worker-6: Запуск mavenrun-a192d7b6-fcb8-4c0f-8ddb-46da8dd2e8ac] INFO  o.eclipse.m2e.core.internal.Bundles - 	Entry: C:\Users\Armen\.p2\pool\plugins\org.eclipse.m2e.maven.runtime_3.9.600.20231203-1234\jars\maven-core-3.9.6.jar
2024-02-24 16:42:40,467 [Worker-6: Запуск mavenrun-a192d7b6-fcb8-4c0f-8ddb-46da8dd2e8ac] INFO  o.eclipse.m2e.core.internal.Bundles - 	Entry: C:\Users\Armen\.p2\pool\plugins\org.eclipse.m2e.maven.runtime_3.9.600.20231203-1234\jars\maven-embedder-3.9.6.jar
2024-02-24 16:42:40,468 [Worker-6: Запуск mavenrun-a192d7b6-fcb8-4c0f-8ddb-46da8dd2e8ac] INFO  o.eclipse.m2e.core.internal.Bundles - 	Entry: C:\Users\Armen\.p2\pool\plugins\org.eclipse.m2e.maven.runtime_3.9.600.20231203-1234\jars\maven-model-3.9.6.jar
2024-02-24 16:42:40,469 [Worker-6: Запуск mavenrun-a192d7b6-fcb8-4c0f-8ddb-46da8dd2e8ac] INFO  o.eclipse.m2e.core.internal.Bundles - 	Entry: C:\Users\Armen\.p2\pool\plugins\org.eclipse.m2e.maven.runtime_3.9.600.20231203-1234\jars\maven-model-builder-3.9.6.jar
2024-02-24 16:42:40,471 [Worker-6: Запуск mavenrun-a192d7b6-fcb8-4c0f-8ddb-46da8dd2e8ac] INFO  o.eclipse.m2e.core.internal.Bundles - 	Entry: C:\Users\Armen\.p2\pool\plugins\org.eclipse.m2e.maven.runtime_3.9.600.20231203-1234\jars\maven-plugin-api-3.9.6.jar
2024-02-24 16:42:40,473 [Worker-6: Запуск mavenrun-a192d7b6-fcb8-4c0f-8ddb-46da8dd2e8ac] INFO  o.eclipse.m2e.core.internal.Bundles - 	Entry: C:\Users\Armen\.p2\pool\plugins\org.eclipse.m2e.maven.runtime_3.9.600.20231203-1234\jars\maven-repository-metadata-3.9.6.jar
2024-02-24 16:42:40,474 [Worker-6: Запуск mavenrun-a192d7b6-fcb8-4c0f-8ddb-46da8dd2e8ac] INFO  o.eclipse.m2e.core.internal.Bundles - 	Entry: C:\Users\Armen\.p2\pool\plugins\org.eclipse.m2e.maven.runtime_3.9.600.20231203-1234\jars\maven-resolver-api-1.9.18.jar
2024-02-24 16:42:40,475 [Worker-6: Запуск mavenrun-a192d7b6-fcb8-4c0f-8ddb-46da8dd2e8ac] INFO  o.eclipse.m2e.core.internal.Bundles - 	Entry: C:\Users\Armen\.p2\pool\plugins\org.eclipse.m2e.maven.runtime_3.9.600.20231203-1234\jars\maven-resolver-connector-basic-1.9.18.jar
2024-02-24 16:42:40,476 [Worker-6: Запуск mavenrun-a192d7b6-fcb8-4c0f-8ddb-46da8dd2e8ac] INFO  o.eclipse.m2e.core.internal.Bundles - 	Entry: C:\Users\Armen\.p2\pool\plugins\org.eclipse.m2e.maven.runtime_3.9.600.20231203-1234\jars\maven-resolver-impl-1.9.18.jar
2024-02-24 16:42:40,477 [Worker-6: Запуск mavenrun-a192d7b6-fcb8-4c0f-8ddb-46da8dd2e8ac] INFO  o.eclipse.m2e.core.internal.Bundles - 	Entry: C:\Users\Armen\.p2\pool\plugins\org.eclipse.m2e.maven.runtime_3.9.600.20231203-1234\jars\maven-resolver-named-locks-1.9.18.jar
2024-02-24 16:42:40,478 [Worker-6: Запуск mavenrun-a192d7b6-fcb8-4c0f-8ddb-46da8dd2e8ac] INFO  o.eclipse.m2e.core.internal.Bundles - 	Entry: C:\Users\Armen\.p2\pool\plugins\org.eclipse.m2e.maven.runtime_3.9.600.20231203-1234\jars\maven-resolver-provider-3.9.6.jar
2024-02-24 16:42:40,480 [Worker-6: Запуск mavenrun-a192d7b6-fcb8-4c0f-8ddb-46da8dd2e8ac] INFO  o.eclipse.m2e.core.internal.Bundles - 	Entry: C:\Users\Armen\.p2\pool\plugins\org.eclipse.m2e.maven.runtime_3.9.600.20231203-1234\jars\maven-resolver-spi-1.9.18.jar
2024-02-24 16:42:40,481 [Worker-6: Запуск mavenrun-a192d7b6-fcb8-4c0f-8ddb-46da8dd2e8ac] INFO  o.eclipse.m2e.core.internal.Bundles - 	Entry: C:\Users\Armen\.p2\pool\plugins\org.eclipse.m2e.maven.runtime_3.9.600.20231203-1234\jars\maven-resolver-transport-file-1.9.18.jar
2024-02-24 16:42:40,482 [Worker-6: Запуск mavenrun-a192d7b6-fcb8-4c0f-8ddb-46da8dd2e8ac] INFO  o.eclipse.m2e.core.internal.Bundles - 	Entry: C:\Users\Armen\.p2\pool\plugins\org.eclipse.m2e.maven.runtime_3.9.600.20231203-1234\jars\maven-resolver-transport-http-1.9.18.jar
2024-02-24 16:42:40,483 [Worker-6: Запуск mavenrun-a192d7b6-fcb8-4c0f-8ddb-46da8dd2e8ac] INFO  o.eclipse.m2e.core.internal.Bundles - 	Entry: C:\Users\Armen\.p2\pool\plugins\org.eclipse.m2e.maven.runtime_3.9.600.20231203-1234\jars\maven-resolver-transport-wagon-1.9.18.jar
2024-02-24 16:42:40,484 [Worker-6: Запуск mavenrun-a192d7b6-fcb8-4c0f-8ddb-46da8dd2e8ac] INFO  o.eclipse.m2e.core.internal.Bundles - 	Entry: C:\Users\Armen\.p2\pool\plugins\org.eclipse.m2e.maven.runtime_3.9.600.20231203-1234\jars\maven-resolver-util-1.9.18.jar
2024-02-24 16:42:40,485 [Worker-6: Запуск mavenrun-a192d7b6-fcb8-4c0f-8ddb-46da8dd2e8ac] INFO  o.eclipse.m2e.core.internal.Bundles - 	Entry: C:\Users\Armen\.p2\pool\plugins\org.eclipse.m2e.maven.runtime_3.9.600.20231203-1234\jars\maven-settings-3.9.6.jar
2024-02-24 16:42:40,486 [Worker-6: Запуск mavenrun-a192d7b6-fcb8-4c0f-8ddb-46da8dd2e8ac] INFO  o.eclipse.m2e.core.internal.Bundles - 	Entry: C:\Users\Armen\.p2\pool\plugins\org.eclipse.m2e.maven.runtime_3.9.600.20231203-1234\jars\maven-settings-builder-3.9.6.jar
2024-02-24 16:42:40,487 [Worker-6: Запуск mavenrun-a192d7b6-fcb8-4c0f-8ddb-46da8dd2e8ac] INFO  o.eclipse.m2e.core.internal.Bundles - 	Entry: C:\Users\Armen\.p2\pool\plugins\org.eclipse.m2e.maven.runtime_3.9.600.20231203-1234\jars\maven-shared-utils-3.3.4.jar
2024-02-24 16:42:40,488 [Worker-6: Запуск mavenrun-a192d7b6-fcb8-4c0f-8ddb-46da8dd2e8ac] INFO  o.eclipse.m2e.core.internal.Bundles - 	Entry: C:\Users\Armen\.p2\pool\plugins\org.eclipse.m2e.maven.runtime_3.9.600.20231203-1234\jars\org.eclipse.sisu.inject-0.9.0.M2.jar
2024-02-24 16:42:40,490 [Worker-6: Запуск mavenrun-a192d7b6-fcb8-4c0f-8ddb-46da8dd2e8ac] INFO  o.eclipse.m2e.core.internal.Bundles - 	Entry: C:\Users\Armen\.p2\pool\plugins\org.eclipse.m2e.maven.runtime_3.9.600.20231203-1234\jars\org.eclipse.sisu.plexus-0.9.0.M2.jar
2024-02-24 16:42:40,491 [Worker-6: Запуск mavenrun-a192d7b6-fcb8-4c0f-8ddb-46da8dd2e8ac] INFO  o.eclipse.m2e.core.internal.Bundles - 	Entry: C:\Users\Armen\.p2\pool\plugins\org.eclipse.m2e.maven.runtime_3.9.600.20231203-1234\jars\plexus-build-api-0.0.7.jar
2024-02-24 16:42:40,492 [Worker-6: Запуск mavenrun-a192d7b6-fcb8-4c0f-8ddb-46da8dd2e8ac] INFO  o.eclipse.m2e.core.internal.Bundles - 	Entry: C:\Users\Armen\.p2\pool\plugins\org.eclipse.m2e.maven.runtime_3.9.600.20231203-1234\jars\plexus-cipher-2.0.jar
2024-02-24 16:42:40,493 [Worker-6: Запуск mavenrun-a192d7b6-fcb8-4c0f-8ddb-46da8dd2e8ac] INFO  o.eclipse.m2e.core.internal.Bundles - 	Entry: C:\Users\Armen\.p2\pool\plugins\org.eclipse.m2e.maven.runtime_3.9.600.20231203-1234\jars\plexus-classworlds-2.7.0.jar
2024-02-24 16:42:40,494 [Worker-6: Запуск mavenrun-a192d7b6-fcb8-4c0f-8ddb-46da8dd2e8ac] INFO  o.eclipse.m2e.core.internal.Bundles - 	Entry: C:\Users\Armen\.p2\pool\plugins\org.eclipse.m2e.maven.runtime_3.9.600.20231203-1234\jars\plexus-component-annotations-2.1.0.jar
2024-02-24 16:42:40,498 [Worker-6: Запуск mavenrun-a192d7b6-fcb8-4c0f-8ddb-46da8dd2e8ac] INFO  o.eclipse.m2e.core.internal.Bundles - 	Entry: C:\Users\Armen\.p2\pool\plugins\org.eclipse.m2e.maven.runtime_3.9.600.20231203-1234\jars\plexus-interpolation-1.26.jar
2024-02-24 16:42:40,500 [Worker-6: Запуск mavenrun-a192d7b6-fcb8-4c0f-8ddb-46da8dd2e8ac] INFO  o.eclipse.m2e.core.internal.Bundles - 	Entry: C:\Users\Armen\.p2\pool\plugins\org.eclipse.m2e.maven.runtime_3.9.600.20231203-1234\jars\plexus-sec-dispatcher-2.0.jar
2024-02-24 16:42:40,501 [Worker-6: Запуск mavenrun-a192d7b6-fcb8-4c0f-8ddb-46da8dd2e8ac] INFO  o.eclipse.m2e.core.internal.Bundles - 	Entry: C:\Users\Armen\.p2\pool\plugins\org.eclipse.m2e.maven.runtime_3.9.600.20231203-1234\jars\plexus-utils-3.5.1.jar
2024-02-24 16:42:40,502 [Worker-6: Запуск mavenrun-a192d7b6-fcb8-4c0f-8ddb-46da8dd2e8ac] INFO  o.eclipse.m2e.core.internal.Bundles - 	Entry: C:\Users\Armen\.p2\pool\plugins\org.eclipse.m2e.maven.runtime_3.9.600.20231203-1234\jars\wagon-file-3.5.3.jar
2024-02-24 16:42:40,504 [Worker-6: Запуск mavenrun-a192d7b6-fcb8-4c0f-8ddb-46da8dd2e8ac] INFO  o.eclipse.m2e.core.internal.Bundles - 	Entry: C:\Users\Armen\.p2\pool\plugins\org.eclipse.m2e.maven.runtime_3.9.600.20231203-1234\jars\wagon-http-3.5.3.jar
2024-02-24 16:42:40,505 [Worker-6: Запуск mavenrun-a192d7b6-fcb8-4c0f-8ddb-46da8dd2e8ac] INFO  o.eclipse.m2e.core.internal.Bundles - 	Entry: C:\Users\Armen\.p2\pool\plugins\org.eclipse.m2e.maven.runtime_3.9.600.20231203-1234\jars\wagon-http-shared-3.5.3.jar
2024-02-24 16:42:40,506 [Worker-6: Запуск mavenrun-a192d7b6-fcb8-4c0f-8ddb-46da8dd2e8ac] INFO  o.eclipse.m2e.core.internal.Bundles - 	Entry: C:\Users\Armen\.p2\pool\plugins\org.eclipse.m2e.maven.runtime_3.9.600.20231203-1234\jars\wagon-provider-api-3.5.3.jar
2024-02-24 16:42:40,514 [Worker-6: Запуск mavenrun-a192d7b6-fcb8-4c0f-8ddb-46da8dd2e8ac] INFO  o.eclipse.m2e.core.internal.Bundles - getClasspathEntries(Bundle=com.google.guava_32.1.3.jre [10])
2024-02-24 16:42:40,517 [Worker-6: Запуск mavenrun-a192d7b6-fcb8-4c0f-8ddb-46da8dd2e8ac] INFO  o.eclipse.m2e.core.internal.Bundles - 	Entry: C:\Users\Armen\.p2\pool\plugins\com.google.guava_32.1.3.jre.jar
2024-02-24 16:42:40,517 [Worker-6: Запуск mavenrun-a192d7b6-fcb8-4c0f-8ddb-46da8dd2e8ac] INFO  o.eclipse.m2e.core.internal.Bundles - getClasspathEntries(Bundle=slf4j.api_2.0.12 [889])
2024-02-24 16:42:40,519 [Worker-6: Запуск mavenrun-a192d7b6-fcb8-4c0f-8ddb-46da8dd2e8ac] INFO  o.eclipse.m2e.core.internal.Bundles - 	Entry: C:\Users\Armen\.p2\pool\plugins\slf4j.api_2.0.12.jar
2024-02-24 16:42:40,519 [Worker-6: Запуск mavenrun-a192d7b6-fcb8-4c0f-8ddb-46da8dd2e8ac] INFO  o.eclipse.m2e.core.internal.Bundles - getClasspathEntries(Bundle=javax.inject_1.0.0.v20091030 [817])
2024-02-24 16:42:40,521 [Worker-6: Запуск mavenrun-a192d7b6-fcb8-4c0f-8ddb-46da8dd2e8ac] INFO  o.eclipse.m2e.core.internal.Bundles - 	Entry: C:\Users\Armen\.p2\pool\plugins\javax.inject_1.0.0.v20091030.jar
2024-02-24 16:42:40,521 [Worker-6: Запуск mavenrun-a192d7b6-fcb8-4c0f-8ddb-46da8dd2e8ac] INFO  o.eclipse.m2e.core.internal.Bundles - getClasspathEntries(Bundle=jakarta.annotation-api_1.3.5 [20])
2024-02-24 16:42:40,537 [Worker-6: Запуск mavenrun-a192d7b6-fcb8-4c0f-8ddb-46da8dd2e8ac] INFO  o.eclipse.m2e.core.internal.Bundles - 	Entry: C:\Users\Armen\.p2\pool\plugins\jakarta.annotation-api_1.3.5.jar
2024-02-24 16:42:40,537 [Worker-6: Запуск mavenrun-a192d7b6-fcb8-4c0f-8ddb-46da8dd2e8ac] INFO  o.eclipse.m2e.core.internal.Bundles - getClasspathEntries(Bundle=org.apache.commons.cli_1.6.0 [46])
2024-02-24 16:42:40,539 [Worker-6: Запуск mavenrun-a192d7b6-fcb8-4c0f-8ddb-46da8dd2e8ac] INFO  o.eclipse.m2e.core.internal.Bundles - 	Entry: C:\Users\Armen\.p2\pool\plugins\org.apache.commons.cli_1.6.0.jar
2024-02-24 16:42:40,539 [Worker-6: Запуск mavenrun-a192d7b6-fcb8-4c0f-8ddb-46da8dd2e8ac] INFO  o.eclipse.m2e.core.internal.Bundles - getClasspathEntries(Bundle=org.apache.commons.commons-codec_1.16.0 [48])
2024-02-24 16:42:40,541 [Worker-6: Запуск mavenrun-a192d7b6-fcb8-4c0f-8ddb-46da8dd2e8ac] INFO  o.eclipse.m2e.core.internal.Bundles - 	Entry: C:\Users\Armen\.p2\pool\plugins\org.apache.commons.commons-codec_1.16.0.jar
2024-02-24 16:42:40,541 [Worker-6: Запуск mavenrun-a192d7b6-fcb8-4c0f-8ddb-46da8dd2e8ac] INFO  o.eclipse.m2e.core.internal.Bundles - getClasspathEntries(Bundle=org.apache.commons.lang3_3.14.0 [868])
2024-02-24 16:42:40,542 [Worker-6: Запуск mavenrun-a192d7b6-fcb8-4c0f-8ddb-46da8dd2e8ac] INFO  o.eclipse.m2e.core.internal.Bundles - 	Entry: C:\Users\Armen\.p2\pool\plugins\org.apache.commons.lang3_3.14.0.jar
2024-02-24 16:42:40,543 [Worker-6: Запуск mavenrun-a192d7b6-fcb8-4c0f-8ddb-46da8dd2e8ac] INFO  o.eclipse.m2e.core.internal.Bundles - getClasspathEntries(Bundle=com.google.guava.failureaccess_1.0.2 [11])
2024-02-24 16:42:40,547 [Worker-6: Запуск mavenrun-a192d7b6-fcb8-4c0f-8ddb-46da8dd2e8ac] INFO  o.eclipse.m2e.core.internal.Bundles - 	Entry: C:\Users\Armen\.p2\pool\plugins\com.google.guava.failureaccess_1.0.2.jar
2024-02-24 16:42:40,575 [Worker-6: Запуск mavenrun-a192d7b6-fcb8-4c0f-8ddb-46da8dd2e8ac] INFO  o.e.m.i.launch.MavenLaunchDelegate - Run build in "C:\Users\Armen\AppData\Local\Temp\m2e-archetypeGenerator6635613018881998289":
2024-02-24 16:42:40,600 [Worker-6: Запуск mavenrun-a192d7b6-fcb8-4c0f-8ddb-46da8dd2e8ac] INFO  o.e.m.i.launch.MavenLaunchDelegate -  mvn  -DarchetypeGroupId=org.apache.maven.archetypes -DarchetypeArtifactId=maven-archetype-quickstart -DarchetypeVersion=1.4 -DgroupId=LaboratoryWork2 -DartifactId=LaboratoryWork2Maven -Dversion=0.0.1-SNAPSHOT -Dpackage=LaboratoryWork2.LaboratoryWork2Maven -DoutputDirectory="B:\java jdk\workspace\Developer1LaboratoryWork" -Dstyle.color=always -U archetype:generate
2024-02-24 16:43:08,692 [Worker-10: Creating maven-archetype-quickstart] INFO  o.e.m.c.i.p.ProjectConfigurationManager - Collecting project info '/pom.xml' B:\java jdk\workspace\Developer1LaboratoryWork\LaboratoryWork2Maven\pom.xml
2024-02-24 16:43:12,941 [Worker-10: Creating maven-archetype-quickstart] INFO  o.e.m.c.i.l.LifecycleMappingFactory - Using org.eclipse.m2e.jdt.JarLifecycleMapping lifecycle mapping for MavenProject: LaboratoryWork2:LaboratoryWork2Maven:0.0.1-SNAPSHOT @ B:\java jdk\workspace\Developer1LaboratoryWork\LaboratoryWork2Maven\pom.xml.
2024-02-24 16:43:14,973 [Worker-10: Creating maven-archetype-quickstart] INFO  o.e.m.j.i.AbstractJavaProjectConfigurator - Adding source folder /LaboratoryWork2Maven/src/main/java
2024-02-24 16:43:14,981 [Worker-10: Creating maven-archetype-quickstart] INFO  o.e.m.j.i.AbstractJavaProjectConfigurator - Adding resource folder /LaboratoryWork2Maven/src/main/resources
2024-02-24 16:43:15,002 [Worker-10: Creating maven-archetype-quickstart] INFO  o.e.m.j.i.AbstractJavaProjectConfigurator - Adding source folder /LaboratoryWork2Maven/src/test/java
2024-02-24 16:43:15,007 [Worker-10: Creating maven-archetype-quickstart] INFO  o.e.m.j.i.AbstractJavaProjectConfigurator - Adding resource folder /LaboratoryWork2Maven/src/test/resources
2024-02-24 16:43:15,361 [Worker-10: Creating maven-archetype-quickstart] INFO  o.e.m.c.i.p.ProjectConfigurationManager - Imported and configured 1 project(s) in 6 sec
2024-02-24 16:43:18,204 [Worker-12: Сборка] INFO  o.e.m.c.i.embedder.EclipseLogger - Using 'UTF-8' encoding to copy filtered resources.
2024-02-24 16:43:18,204 [Worker-12: Сборка] INFO  o.e.m.c.i.embedder.EclipseLogger - skip non existing resourceDirectory B:\java jdk\workspace\Developer1LaboratoryWork\LaboratoryWork2Maven\src\main\resources
2024-02-24 16:43:18,213 [Worker-12: Сборка] INFO  o.e.m.c.i.embedder.EclipseLogger - Using 'UTF-8' encoding to copy filtered resources.
2024-02-24 16:43:18,213 [Worker-12: Сборка] INFO  o.e.m.c.i.embedder.EclipseLogger - skip non existing resourceDirectory B:\java jdk\workspace\Developer1LaboratoryWork\LaboratoryWork2Maven\src\test\resources
2024-02-24 16:47:23,757 [Worker-14: Сборка] INFO  o.e.m.c.i.embedder.EclipseLogger - Using 'UTF-8' encoding to copy filtered resources.
2024-02-24 16:47:23,758 [Worker-14: Сборка] INFO  o.e.m.c.i.embedder.EclipseLogger - skip non existing resourceDirectory B:\java jdk\workspace\Developer1LaboratoryWork\LaboratoryWork2Maven\src\main\resources
2024-02-24 16:47:23,781 [Worker-14: Сборка] INFO  o.e.m.c.i.embedder.EclipseLogger - Using 'UTF-8' encoding to copy filtered resources.
2024-02-24 16:47:23,781 [Worker-14: Сборка] INFO  o.e.m.c.i.embedder.EclipseLogger - skip non existing resourceDirectory B:\java jdk\workspace\Developer1LaboratoryWork\LaboratoryWork2Maven\src\test\resources
2024-02-24 16:48:36,818 [Worker-2: Сборка] INFO  o.e.m.c.i.embedder.EclipseLogger - Using 'UTF-8' encoding to copy filtered resources.
2024-02-24 16:48:36,819 [Worker-2: Сборка] INFO  o.e.m.c.i.embedder.EclipseLogger - skip non existing resourceDirectory B:\java jdk\workspace\Developer1LaboratoryWork\LaboratoryWork2Maven\src\main\resources
2024-02-24 16:48:36,828 [Worker-2: Сборка] INFO  o.e.m.c.i.embedder.EclipseLogger - Using 'UTF-8' encoding to copy filtered resources.
2024-02-24 16:48:36,829 [Worker-2: Сборка] INFO  o.e.m.c.i.embedder.EclipseLogger - skip non existing resourceDirectory B:\java jdk\workspace\Developer1LaboratoryWork\LaboratoryWork2Maven\src\test\resources
2024-02-24 16:49:17,576 [Worker-6: Сборка] INFO  o.e.m.c.i.embedder.EclipseLogger - Using 'UTF-8' encoding to copy filtered resources.
2024-02-24 16:49:17,577 [Worker-6: Сборка] INFO  o.e.m.c.i.embedder.EclipseLogger - skip non existing resourceDirectory B:\java jdk\workspace\Developer1LaboratoryWork\LaboratoryWork2Maven\src\main\resources
2024-02-24 16:49:17,589 [Worker-6: Сборка] INFO  o.e.m.c.i.embedder.EclipseLogger - Using 'UTF-8' encoding to copy filtered resources.
2024-02-24 16:49:17,589 [Worker-6: Сборка] INFO  o.e.m.c.i.embedder.EclipseLogger - skip non existing resourceDirectory B:\java jdk\workspace\Developer1LaboratoryWork\LaboratoryWork2Maven\src\test\resources
2024-02-24 16:49:25,422 [Worker-14: Сборка] INFO  o.e.m.c.i.embedder.EclipseLogger - Using 'UTF-8' encoding to copy filtered resources.
2024-02-24 16:49:25,423 [Worker-14: Сборка] INFO  o.e.m.c.i.embedder.EclipseLogger - skip non existing resourceDirectory B:\java jdk\workspace\Developer1LaboratoryWork\LaboratoryWork2Maven\src\main\resources
2024-02-24 16:49:25,455 [Worker-14: Сборка] INFO  o.e.m.c.i.embedder.EclipseLogger - Using 'UTF-8' encoding to copy filtered resources.
2024-02-24 16:49:25,456 [Worker-14: Сборка] INFO  o.e.m.c.i.embedder.EclipseLogger - skip non existing resourceDirectory B:\java jdk\workspace\Developer1LaboratoryWork\LaboratoryWork2Maven\src\test\resources
2024-02-24 16:57:50,597 [Worker-2: Сборка] INFO  o.e.m.c.i.embedder.EclipseLogger - Using 'UTF-8' encoding to copy filtered resources.
2024-02-24 16:57:50,598 [Worker-2: Сборка] INFO  o.e.m.c.i.embedder.EclipseLogger - skip non existing resourceDirectory B:\java jdk\workspace\Developer1LaboratoryWork\LaboratoryWork2Maven\src\main\resources
2024-02-24 16:57:50,603 [Worker-2: Сборка] INFO  o.e.m.c.i.embedder.EclipseLogger - Using 'UTF-8' encoding to copy filtered resources.
2024-02-24 16:57:50,603 [Worker-2: Сборка] INFO  o.e.m.c.i.embedder.EclipseLogger - skip non existing resourceDirectory B:\java jdk\workspace\Developer1LaboratoryWork\LaboratoryWork2Maven\src\test\resources
2024-02-24 16:57:58,138 [Worker-16: Сборка] INFO  o.e.m.c.i.embedder.EclipseLogger - Using 'UTF-8' encoding to copy filtered resources.
2024-02-24 16:57:58,138 [Worker-16: Сборка] INFO  o.e.m.c.i.embedder.EclipseLogger - skip non existing resourceDirectory B:\java jdk\workspace\Developer1LaboratoryWork\LaboratoryWork2Maven\src\main\resources
2024-02-24 16:57:58,154 [Worker-16: Сборка] INFO  o.e.m.c.i.embedder.EclipseLogger - Using 'UTF-8' encoding to copy filtered resources.
2024-02-24 16:57:58,155 [Worker-16: Сборка] INFO  o.e.m.c.i.embedder.EclipseLogger - skip non existing resourceDirectory B:\java jdk\workspace\Developer1LaboratoryWork\LaboratoryWork2Maven\src\test\resources
2024-02-24 16:58:04,292 [Worker-5: Сборка] INFO  o.e.m.c.i.embedder.EclipseLogger - Using 'UTF-8' encoding to copy filtered resources.
2024-02-24 16:58:04,292 [Worker-5: Сборка] INFO  o.e.m.c.i.embedder.EclipseLogger - skip non existing resourceDirectory B:\java jdk\workspace\Developer1LaboratoryWork\LaboratoryWork2Maven\src\main\resources
2024-02-24 16:58:04,312 [Worker-5: Сборка] INFO  o.e.m.c.i.embedder.EclipseLogger - Using 'UTF-8' encoding to copy filtered resources.
2024-02-24 16:58:04,313 [Worker-5: Сборка] INFO  o.e.m.c.i.embedder.EclipseLogger - skip non existing resourceDirectory B:\java jdk\workspace\Developer1LaboratoryWork\LaboratoryWork2Maven\src\test\resources
